\BOOKMARK [1][-]{section.1}{Introduction}{}% 1
\BOOKMARK [1][-]{section.2}{Literature\040Review}{}% 2
\BOOKMARK [1][-]{section.3}{Data}{}% 3
\BOOKMARK [1][-]{section.4}{Model\040and\040Analysis}{}% 4
\BOOKMARK [2][-]{subsection.4.1}{Heteroskedasticity}{section.4}% 5
\BOOKMARK [3][-]{subsubsection.4.1.1}{Breusch-Pagan\040test}{subsection.4.1}% 6
\BOOKMARK [3][-]{subsubsection.4.1.2}{Weighted\040OLS}{subsection.4.1}% 7
\BOOKMARK [2][-]{subsection.4.2}{Inter-correlation\040of\040observations}{section.4}% 8
\BOOKMARK [2][-]{subsection.4.3}{Player\040fixed\040effects}{section.4}% 9
\BOOKMARK [2][-]{subsection.4.4}{Team\040fixed\040effects}{section.4}% 10
\BOOKMARK [2][-]{subsection.4.5}{Curse\040of\040dimensionality\040and\040double\040LASSO}{section.4}% 11
\BOOKMARK [2][-]{subsection.4.6}{Controlling\040for\040Fixed\040Effects}{section.4}% 12
\BOOKMARK [1][-]{section.5}{Results}{}% 13
\BOOKMARK [2][-]{subsection.5.1}{Player\040fixed\040effects}{section.5}% 14
\BOOKMARK [2][-]{subsection.5.2}{Team\040fixed\040effects}{section.5}% 15
\BOOKMARK [2][-]{subsection.5.3}{Double\040LASSO}{section.5}% 16
\BOOKMARK [1][-]{section.6}{Discussions}{}% 17
\BOOKMARK [1][-]{section.7}{Conclusion}{}% 18
\BOOKMARK [1][-]{section*.3}{Tables}{}% 19
\BOOKMARK [1][-]{section*.4}{Figures}{}% 20
\BOOKMARK [1][-]{section*.5}{Appendix\040A}{}% 21
