\BOOKMARK [1][-]{section.1}{Introduction\040and\040Literature\040Review}{}% 1
\BOOKMARK [1][-]{section.2}{Data}{}% 2
\BOOKMARK [2][-]{subsection.2.1}{Data\040collection}{section.2}% 3
\BOOKMARK [2][-]{subsection.2.2}{Dependent\040variables\040and\040proxies}{section.2}% 4
\BOOKMARK [1][-]{section.3}{Model\040and\040Analysis}{}% 5
\BOOKMARK [2][-]{subsection.3.1}{Heteroskedasticity}{section.3}% 6
\BOOKMARK [3][-]{subsubsection.3.1.1}{Breusch-Pagan\040test}{subsection.3.1}% 7
\BOOKMARK [3][-]{subsubsection.3.1.2}{Weighted\040OLS}{subsection.3.1}% 8
\BOOKMARK [2][-]{subsection.3.2}{Heterogeneity}{section.3}% 9
\BOOKMARK [2][-]{subsection.3.3}{Correlated\040observations\040and\040within\040team\040\(cluster\)\040dependence}{section.3}% 10
\BOOKMARK [3][-]{subsubsection.3.3.1}{Generalized\040estimating\040equation}{subsection.3.3}% 11
\BOOKMARK [2][-]{subsection.3.4}{IV\040Strategy}{section.3}% 12
\BOOKMARK [2][-]{subsection.3.5}{Clustering\040data}{section.3}% 13
\BOOKMARK [3][-]{subsubsection.3.5.1}{Correlated\040observations}{subsection.3.5}% 14
\BOOKMARK [3][-]{subsubsection.3.5.2}{Double\040LASSO\040inference\040selection}{subsection.3.5}% 15
\BOOKMARK [3][-]{subsubsection.3.5.3}{Pre-selection}{subsection.3.5}% 16
\BOOKMARK [3][-]{subsubsection.3.5.4}{Double\040LASSO\040inference}{subsection.3.5}% 17
\BOOKMARK [1][-]{section.4}{Results}{}% 18
\BOOKMARK [2][-]{subsection.4.1}{Generalized\040estimating\040equation\040method}{section.4}% 19
\BOOKMARK [3][-]{subsubsection.4.1.1}{Fixed\040effect\040weighted\040OLS}{subsection.4.1}% 20
\BOOKMARK [3][-]{subsubsection.4.1.2}{GEE\040Data}{subsection.4.1}% 21
\BOOKMARK [2][-]{subsection.4.2}{Instrumental\040variable\040method}{section.4}% 22
\BOOKMARK [2][-]{subsection.4.3}{Clustered\040data\040double\040LASSO\040inference\040method}{section.4}% 23
\BOOKMARK [3][-]{subsubsection.4.3.1}{Double\040LASSO\040without\040instruments}{subsection.4.3}% 24
\BOOKMARK [3][-]{subsubsection.4.3.2}{Double\040LASSO\040with\040instruments}{subsection.4.3}% 25
\BOOKMARK [1][-]{section.5}{Discussions}{}% 26
\BOOKMARK [1][-]{section.6}{Conclusion}{}% 27
\BOOKMARK [1][-]{appendix.A}{Tables}{}% 28
\BOOKMARK [1][-]{appendix.B}{Figures}{}% 29
\BOOKMARK [1][-]{appendix.C}{Code}{}% 30
